[     225ms] [ERROR] Failed to load resource: the server responded with a status of 404 (Not Found) @ http://localhost:5157/RagChatbotSystem.Presentation.styles.css:0
[     236ms] [INFO] [2026-07-10T14:39:42.115Z] Information: Normalizing '/hubs/notifications' to 'http://localhost:5157/hubs/notifications'. @ http://localhost:5157/lib/microsoft/signalr/dist/browser/signalr.min.js:0
[     238ms] [LOG] RagChatbotSystem MVC Workspace loaded successfully. @ http://localhost:5157/js/site.js?v=qrvyWFNaXmQt-9YaJ0-_p2aUhCCtqdkeDKsc3DONVZI:2
[     277ms] [INFO] [2026-07-10T14:39:42.156Z] Information: WebSocket connected to ws://localhost:5157/hubs/notifications?id=M0jaYSdXvY7sTtb9X7y4IA. @ http://localhost:5157/lib/microsoft/signalr/dist/browser/signalr.min.js:0
[   98083ms] [ERROR] Failed to load resource: the server responded with a status of 404 (Not Found) @ http://localhost:5157/RagChatbotSystem.Presentation.styles.css:0
[   98100ms] [INFO] [2026-07-10T14:41:19.978Z] Information: Normalizing '/hubs/notifications' to 'http://localhost:5157/hubs/notifications'. @ http://localhost:5157/lib/microsoft/signalr/dist/browser/signalr.min.js:0
[   98102ms] [LOG] RagChatbotSystem MVC Workspace loaded successfully. @ http://localhost:5157/js/site.js?v=qrvyWFNaXmQt-9YaJ0-_p2aUhCCtqdkeDKsc3DONVZI:2
[   98213ms] [INFO] [2026-07-10T14:41:20.092Z] Information: WebSocket connected to ws://localhost:5157/hubs/notifications?id=J057sQ3eze6nk_0Myhq9hw. @ http://localhost:5157/lib/microsoft/signalr/dist/browser/signalr.min.js:0
[  960724ms] [ERROR] [2026-07-10T14:55:42.602Z] Error: Connection disconnected with error 'Error: WebSocket closed with status code: 1006 (no reason given).'. @ http://localhost:5157/lib/microsoft/signalr/dist/browser/signalr.min.js:0
[  963082ms] [ERROR] Failed to load resource: net::ERR_CONNECTION_REFUSED @ http://localhost:5157/hubs/notifications/negotiate?negotiateVersion=1:0
[  963082ms] [WARNING] [2026-07-10T14:55:44.960Z] Warning: Error from HTTP request. TypeError: Failed to fetch. @ http://localhost:5157/lib/microsoft/signalr/dist/browser/signalr.min.js:0
[  963082ms] [ERROR] [2026-07-10T14:55:44.961Z] Error: Failed to complete negotiation with the server: TypeError: Failed to fetch @ http://localhost:5157/lib/microsoft/signalr/dist/browser/signalr.min.js:0
[  963082ms] [ERROR] [2026-07-10T14:55:44.961Z] Error: Failed to start the connection: Error: Failed to complete negotiation with the server: TypeError: Failed to fetch @ http://localhost:5157/lib/microsoft/signalr/dist/browser/signalr.min.js:0
[  967437ms] [ERROR] Failed to load resource: net::ERR_CONNECTION_REFUSED @ http://localhost:5157/hubs/notifications/negotiate?negotiateVersion=1:0
[  967437ms] [WARNING] [2026-07-10T14:55:49.315Z] Warning: Error from HTTP request. TypeError: Failed to fetch. @ http://localhost:5157/lib/microsoft/signalr/dist/browser/signalr.min.js:0
[  967437ms] [ERROR] [2026-07-10T14:55:49.316Z] Error: Failed to complete negotiation with the server: TypeError: Failed to fetch @ http://localhost:5157/lib/microsoft/signalr/dist/browser/signalr.min.js:0
[  967437ms] [ERROR] [2026-07-10T14:55:49.316Z] Error: Failed to start the connection: Error: Failed to complete negotiation with the server: TypeError: Failed to fetch @ http://localhost:5157/lib/microsoft/signalr/dist/browser/signalr.min.js:0
[  979798ms] [ERROR] Failed to load resource: net::ERR_CONNECTION_REFUSED @ http://localhost:5157/hubs/notifications/negotiate?negotiateVersion=1:0
[  979798ms] [WARNING] [2026-07-10T14:56:01.676Z] Warning: Error from HTTP request. TypeError: Failed to fetch. @ http://localhost:5157/lib/microsoft/signalr/dist/browser/signalr.min.js:0
[  979798ms] [ERROR] [2026-07-10T14:56:01.677Z] Error: Failed to complete negotiation with the server: TypeError: Failed to fetch @ http://localhost:5157/lib/microsoft/signalr/dist/browser/signalr.min.js:0
[  979798ms] [ERROR] [2026-07-10T14:56:01.677Z] Error: Failed to start the connection: Error: Failed to complete negotiation with the server: TypeError: Failed to fetch @ http://localhost:5157/lib/microsoft/signalr/dist/browser/signalr.min.js:0
[ 1012161ms] [ERROR] Failed to load resource: net::ERR_CONNECTION_REFUSED @ http://localhost:5157/hubs/notifications/negotiate?negotiateVersion=1:0
[ 1012161ms] [WARNING] [2026-07-10T14:56:34.039Z] Warning: Error from HTTP request. TypeError: Failed to fetch. @ http://localhost:5157/lib/microsoft/signalr/dist/browser/signalr.min.js:0
[ 1012161ms] [ERROR] [2026-07-10T14:56:34.039Z] Error: Failed to complete negotiation with the server: TypeError: Failed to fetch @ http://localhost:5157/lib/microsoft/signalr/dist/browser/signalr.min.js:0
[ 1012161ms] [ERROR] [2026-07-10T14:56:34.040Z] Error: Failed to start the connection: Error: Failed to complete negotiation with the server: TypeError: Failed to fetch @ http://localhost:5157/lib/microsoft/signalr/dist/browser/signalr.min.js:0
