[     762ms] [ERROR] Failed to load resource: the server responded with a status of 404 (Not Found) @ http://localhost:5157/RagChatbotSystem.Presentation.styles.css:0
[     835ms] [INFO] [2026-07-10T09:32:19.557Z] Information: Normalizing '/hubs/notifications' to 'http://localhost:5157/hubs/notifications'. @ http://localhost:5157/lib/microsoft/signalr/dist/browser/signalr.min.js:0
[     837ms] [LOG] RagChatbotSystem MVC Workspace loaded successfully. @ http://localhost:5157/js/site.js?v=qrvyWFNaXmQt-9YaJ0-_p2aUhCCtqdkeDKsc3DONVZI:2
[     940ms] [INFO] [2026-07-10T09:32:19.662Z] Information: WebSocket connected to ws://localhost:5157/hubs/notifications?id=UKDUaJiXO-RT9y3plTo6Vg. @ http://localhost:5157/lib/microsoft/signalr/dist/browser/signalr.min.js:0
[   32589ms] [ERROR] Failed to load resource: the server responded with a status of 404 (Not Found) @ http://localhost:5157/RagChatbotSystem.Presentation.styles.css:0
[   32614ms] [INFO] [2026-07-10T09:32:51.336Z] Information: Normalizing '/hubs/notifications' to 'http://localhost:5157/hubs/notifications'. @ http://localhost:5157/lib/microsoft/signalr/dist/browser/signalr.min.js:0
[   32618ms] [LOG] RagChatbotSystem MVC Workspace loaded successfully. @ http://localhost:5157/js/site.js?v=qrvyWFNaXmQt-9YaJ0-_p2aUhCCtqdkeDKsc3DONVZI:2
[   32709ms] [INFO] [2026-07-10T09:32:51.431Z] Information: Normalizing '/hubs/chat' to 'http://localhost:5157/hubs/chat'. @ http://localhost:5157/lib/microsoft/signalr/dist/browser/signalr.min.js:0
[   32734ms] [INFO] [2026-07-10T09:32:51.457Z] Information: WebSocket connected to ws://localhost:5157/hubs/notifications?id=t3A-u_qhC94K-AmP9Ze8HQ. @ http://localhost:5157/lib/microsoft/signalr/dist/browser/signalr.min.js:0
[   32754ms] [INFO] [2026-07-10T09:32:51.476Z] Information: WebSocket connected to ws://localhost:5157/hubs/chat?id=DZxqsL_IPXGVd1L_vP9xYw. @ http://localhost:5157/lib/microsoft/signalr/dist/browser/signalr.min.js:0
[  126173ms] [ERROR] Failed to load resource: the server responded with a status of 500 (Internal Server Error) @ http://localhost:5157/?handler=SendMessageAjax:0
[  126176ms] [ERROR] Error: Không thể gửi câu hỏi. Vui lòng thử lại sau.
    at http://localhost:5157/?datasetId=c54fc8b7-25c6-42c4-bb68-38ee87d04fe4&sessionId=a824337d-cd25-43ad-a29d-93538cc120e7:726:69 @ http://localhost:5157/?datasetId=c54fc8b7-25c6-42c4-bb68-38ee87d04fe4&sessionId=a824337d-cd25-43ad-a29d-93538cc120e7:775
[  200856ms] [ERROR] [2026-07-10T09:35:39.578Z] Error: Connection disconnected with error 'Error: WebSocket closed with status code: 1006 (no reason given).'. @ http://localhost:5157/lib/microsoft/signalr/dist/browser/signalr.min.js:0
[  200856ms] [ERROR] [2026-07-10T09:35:39.579Z] Error: Connection disconnected with error 'Error: WebSocket closed with status code: 1006 (no reason given).'. @ http://localhost:5157/lib/microsoft/signalr/dist/browser/signalr.min.js:0
[  203198ms] [ERROR] Failed to load resource: net::ERR_CONNECTION_REFUSED @ http://localhost:5157/hubs/chat/negotiate?negotiateVersion=1:0
[  203199ms] [WARNING] [2026-07-10T09:35:41.921Z] Warning: Error from HTTP request. TypeError: Failed to fetch. @ http://localhost:5157/lib/microsoft/signalr/dist/browser/signalr.min.js:0
[  203199ms] [ERROR] [2026-07-10T09:35:41.921Z] Error: Failed to complete negotiation with the server: TypeError: Failed to fetch @ http://localhost:5157/lib/microsoft/signalr/dist/browser/signalr.min.js:0
[  203199ms] [ERROR] [2026-07-10T09:35:41.921Z] Error: Failed to start the connection: Error: Failed to complete negotiation with the server: TypeError: Failed to fetch @ http://localhost:5157/lib/microsoft/signalr/dist/browser/signalr.min.js:0
[  203199ms] [ERROR] Failed to load resource: net::ERR_CONNECTION_REFUSED @ http://localhost:5157/hubs/notifications/negotiate?negotiateVersion=1:0
[  203199ms] [WARNING] [2026-07-10T09:35:41.922Z] Warning: Error from HTTP request. TypeError: Failed to fetch. @ http://localhost:5157/lib/microsoft/signalr/dist/browser/signalr.min.js:0
[  203200ms] [ERROR] [2026-07-10T09:35:41.922Z] Error: Failed to complete negotiation with the server: TypeError: Failed to fetch @ http://localhost:5157/lib/microsoft/signalr/dist/browser/signalr.min.js:0
[  203200ms] [ERROR] [2026-07-10T09:35:41.922Z] Error: Failed to start the connection: Error: Failed to complete negotiation with the server: TypeError: Failed to fetch @ http://localhost:5157/lib/microsoft/signalr/dist/browser/signalr.min.js:0
[  207539ms] [ERROR] Failed to load resource: net::ERR_CONNECTION_REFUSED @ http://localhost:5157/hubs/chat/negotiate?negotiateVersion=1:0
[  207540ms] [WARNING] [2026-07-10T09:35:46.262Z] Warning: Error from HTTP request. TypeError: Failed to fetch. @ http://localhost:5157/lib/microsoft/signalr/dist/browser/signalr.min.js:0
[  207540ms] [ERROR] [2026-07-10T09:35:46.262Z] Error: Failed to complete negotiation with the server: TypeError: Failed to fetch @ http://localhost:5157/lib/microsoft/signalr/dist/browser/signalr.min.js:0
[  207540ms] [ERROR] [2026-07-10T09:35:46.262Z] Error: Failed to start the connection: Error: Failed to complete negotiation with the server: TypeError: Failed to fetch @ http://localhost:5157/lib/microsoft/signalr/dist/browser/signalr.min.js:0
[  207540ms] [ERROR] Failed to load resource: net::ERR_CONNECTION_REFUSED @ http://localhost:5157/hubs/notifications/negotiate?negotiateVersion=1:0
[  207540ms] [WARNING] [2026-07-10T09:35:46.262Z] Warning: Error from HTTP request. TypeError: Failed to fetch. @ http://localhost:5157/lib/microsoft/signalr/dist/browser/signalr.min.js:0
[  207540ms] [ERROR] [2026-07-10T09:35:46.262Z] Error: Failed to complete negotiation with the server: TypeError: Failed to fetch @ http://localhost:5157/lib/microsoft/signalr/dist/browser/signalr.min.js:0
[  207540ms] [ERROR] [2026-07-10T09:35:46.263Z] Error: Failed to start the connection: Error: Failed to complete negotiation with the server: TypeError: Failed to fetch @ http://localhost:5157/lib/microsoft/signalr/dist/browser/signalr.min.js:0
[  217637ms] [INFO] [2026-07-10T09:35:56.359Z] Information: WebSocket connected to ws://localhost:5157/hubs/notifications?id=kfLmE41P-4CdQFVZgE1i9g. @ http://localhost:5157/lib/microsoft/signalr/dist/browser/signalr.min.js:0
[  217688ms] [INFO] [2026-07-10T09:35:56.411Z] Information: WebSocket connected to ws://localhost:5157/hubs/chat?id=JQJ4FV26SLwzomz9RfYYFg. @ http://localhost:5157/lib/microsoft/signalr/dist/browser/signalr.min.js:0
