[      47ms] [ERROR] Failed to load resource: the server responded with a status of 404 (Not Found) @ http://localhost:5157/RagChatbotSystem.Presentation.styles.css:0
[      59ms] [INFO] [2026-07-10T15:26:42.274Z] Information: Normalizing '/hubs/notifications' to 'http://localhost:5157/hubs/notifications'. @ http://localhost:5157/lib/microsoft/signalr/dist/browser/signalr.min.js:0
[      61ms] [LOG] RagChatbotSystem MVC Workspace loaded successfully. @ http://localhost:5157/js/site.js?v=qrvyWFNaXmQt-9YaJ0-_p2aUhCCtqdkeDKsc3DONVZI:2
[      91ms] [INFO] [2026-07-10T15:26:42.305Z] Information: WebSocket connected to ws://localhost:5157/hubs/notifications?id=Z_41IGHMCRw8DlBXaOV-bg. @ http://localhost:5157/lib/microsoft/signalr/dist/browser/signalr.min.js:0
[ 1075827ms] [ERROR] [2026-07-10T15:44:38.041Z] Error: Connection disconnected with error 'Error: WebSocket closed with status code: 1006 (no reason given).'. @ http://localhost:5157/lib/microsoft/signalr/dist/browser/signalr.min.js:0
[ 1078166ms] [ERROR] Failed to load resource: net::ERR_CONNECTION_REFUSED @ http://localhost:5157/hubs/notifications/negotiate?negotiateVersion=1:0
[ 1078166ms] [WARNING] [2026-07-10T15:44:40.380Z] Warning: Error from HTTP request. TypeError: Failed to fetch. @ http://localhost:5157/lib/microsoft/signalr/dist/browser/signalr.min.js:0
[ 1078166ms] [ERROR] [2026-07-10T15:44:40.381Z] Error: Failed to complete negotiation with the server: TypeError: Failed to fetch @ http://localhost:5157/lib/microsoft/signalr/dist/browser/signalr.min.js:0
[ 1078166ms] [ERROR] [2026-07-10T15:44:40.381Z] Error: Failed to start the connection: Error: Failed to complete negotiation with the server: TypeError: Failed to fetch @ http://localhost:5157/lib/microsoft/signalr/dist/browser/signalr.min.js:0
[ 1082522ms] [ERROR] Failed to load resource: net::ERR_CONNECTION_REFUSED @ http://localhost:5157/hubs/notifications/negotiate?negotiateVersion=1:0
[ 1082522ms] [WARNING] [2026-07-10T15:44:44.737Z] Warning: Error from HTTP request. TypeError: Failed to fetch. @ http://localhost:5157/lib/microsoft/signalr/dist/browser/signalr.min.js:0
[ 1082522ms] [ERROR] [2026-07-10T15:44:44.737Z] Error: Failed to complete negotiation with the server: TypeError: Failed to fetch @ http://localhost:5157/lib/microsoft/signalr/dist/browser/signalr.min.js:0
[ 1082522ms] [ERROR] [2026-07-10T15:44:44.737Z] Error: Failed to start the connection: Error: Failed to complete negotiation with the server: TypeError: Failed to fetch @ http://localhost:5157/lib/microsoft/signalr/dist/browser/signalr.min.js:0
[ 1094375ms] [INFO] [2026-07-10T15:44:56.590Z] Information: WebSocket connected to ws://localhost:5157/hubs/notifications?id=_gdyp5_MDbcRclfKcVWPBA. @ http://localhost:5157/lib/microsoft/signalr/dist/browser/signalr.min.js:0
[ 1520887ms] [ERROR] [2026-07-10T15:52:03.101Z] Error: Connection disconnected with error 'Error: WebSocket closed with status code: 1006 (no reason given).'. @ http://localhost:5157/lib/microsoft/signalr/dist/browser/signalr.min.js:0
[ 1523234ms] [ERROR] Failed to load resource: net::ERR_CONNECTION_REFUSED @ http://localhost:5157/hubs/notifications/negotiate?negotiateVersion=1:0
[ 1523234ms] [WARNING] [2026-07-10T15:52:05.449Z] Warning: Error from HTTP request. TypeError: Failed to fetch. @ http://localhost:5157/lib/microsoft/signalr/dist/browser/signalr.min.js:0
[ 1523234ms] [ERROR] [2026-07-10T15:52:05.449Z] Error: Failed to complete negotiation with the server: TypeError: Failed to fetch @ http://localhost:5157/lib/microsoft/signalr/dist/browser/signalr.min.js:0
[ 1523234ms] [ERROR] [2026-07-10T15:52:05.449Z] Error: Failed to start the connection: Error: Failed to complete negotiation with the server: TypeError: Failed to fetch @ http://localhost:5157/lib/microsoft/signalr/dist/browser/signalr.min.js:0
[ 1527576ms] [ERROR] Failed to load resource: net::ERR_CONNECTION_REFUSED @ http://localhost:5157/hubs/notifications/negotiate?negotiateVersion=1:0
[ 1527577ms] [WARNING] [2026-07-10T15:52:09.791Z] Warning: Error from HTTP request. TypeError: Failed to fetch. @ http://localhost:5157/lib/microsoft/signalr/dist/browser/signalr.min.js:0
[ 1527577ms] [ERROR] [2026-07-10T15:52:09.791Z] Error: Failed to complete negotiation with the server: TypeError: Failed to fetch @ http://localhost:5157/lib/microsoft/signalr/dist/browser/signalr.min.js:0
[ 1527577ms] [ERROR] [2026-07-10T15:52:09.791Z] Error: Failed to start the connection: Error: Failed to complete negotiation with the server: TypeError: Failed to fetch @ http://localhost:5157/lib/microsoft/signalr/dist/browser/signalr.min.js:0
[ 1539685ms] [INFO] [2026-07-10T15:52:21.900Z] Information: WebSocket connected to ws://localhost:5157/hubs/notifications?id=oOi1BDFMoesR6UeWpuNTYQ. @ http://localhost:5157/lib/microsoft/signalr/dist/browser/signalr.min.js:0
[ 2275585ms] [ERROR] [2026-07-10T16:04:37.800Z] Error: Connection disconnected with error 'Error: WebSocket closed with status code: 1006 (no reason given).'. @ http://localhost:5157/lib/microsoft/signalr/dist/browser/signalr.min.js:0
[ 2277924ms] [ERROR] Failed to load resource: net::ERR_CONNECTION_REFUSED @ http://localhost:5157/hubs/notifications/negotiate?negotiateVersion=1:0
[ 2277924ms] [WARNING] [2026-07-10T16:04:40.139Z] Warning: Error from HTTP request. TypeError: Failed to fetch. @ http://localhost:5157/lib/microsoft/signalr/dist/browser/signalr.min.js:0
[ 2277924ms] [ERROR] [2026-07-10T16:04:40.139Z] Error: Failed to complete negotiation with the server: TypeError: Failed to fetch @ http://localhost:5157/lib/microsoft/signalr/dist/browser/signalr.min.js:0
[ 2277924ms] [ERROR] [2026-07-10T16:04:40.139Z] Error: Failed to start the connection: Error: Failed to complete negotiation with the server: TypeError: Failed to fetch @ http://localhost:5157/lib/microsoft/signalr/dist/browser/signalr.min.js:0
[ 2282274ms] [ERROR] Failed to load resource: net::ERR_CONNECTION_REFUSED @ http://localhost:5157/hubs/notifications/negotiate?negotiateVersion=1:0
[ 2282274ms] [WARNING] [2026-07-10T16:04:44.488Z] Warning: Error from HTTP request. TypeError: Failed to fetch. @ http://localhost:5157/lib/microsoft/signalr/dist/browser/signalr.min.js:0
[ 2282274ms] [ERROR] [2026-07-10T16:04:44.488Z] Error: Failed to complete negotiation with the server: TypeError: Failed to fetch @ http://localhost:5157/lib/microsoft/signalr/dist/browser/signalr.min.js:0
[ 2282274ms] [ERROR] [2026-07-10T16:04:44.488Z] Error: Failed to start the connection: Error: Failed to complete negotiation with the server: TypeError: Failed to fetch @ http://localhost:5157/lib/microsoft/signalr/dist/browser/signalr.min.js:0
[ 2294621ms] [ERROR] Failed to load resource: net::ERR_CONNECTION_REFUSED @ http://localhost:5157/hubs/notifications/negotiate?negotiateVersion=1:0
[ 2294621ms] [WARNING] [2026-07-10T16:04:56.835Z] Warning: Error from HTTP request. TypeError: Failed to fetch. @ http://localhost:5157/lib/microsoft/signalr/dist/browser/signalr.min.js:0
[ 2294621ms] [ERROR] [2026-07-10T16:04:56.835Z] Error: Failed to complete negotiation with the server: TypeError: Failed to fetch @ http://localhost:5157/lib/microsoft/signalr/dist/browser/signalr.min.js:0
[ 2294621ms] [ERROR] [2026-07-10T16:04:56.835Z] Error: Failed to start the connection: Error: Failed to complete negotiation with the server: TypeError: Failed to fetch @ http://localhost:5157/lib/microsoft/signalr/dist/browser/signalr.min.js:0
[ 2324696ms] [INFO] [2026-07-10T16:05:26.910Z] Information: WebSocket connected to ws://localhost:5157/hubs/notifications?id=UxQ6EGvFBD6cKugMzwv79A. @ http://localhost:5157/lib/microsoft/signalr/dist/browser/signalr.min.js:0
[ 2434274ms] [ERROR] [2026-07-10T16:07:16.488Z] Error: Connection disconnected with error 'Error: WebSocket closed with status code: 1006 (no reason given).'. @ http://localhost:5157/lib/microsoft/signalr/dist/browser/signalr.min.js:0
[ 2436608ms] [ERROR] Failed to load resource: net::ERR_CONNECTION_REFUSED @ http://localhost:5157/hubs/notifications/negotiate?negotiateVersion=1:0
[ 2436608ms] [WARNING] [2026-07-10T16:07:18.823Z] Warning: Error from HTTP request. TypeError: Failed to fetch. @ http://localhost:5157/lib/microsoft/signalr/dist/browser/signalr.min.js:0
[ 2436608ms] [ERROR] [2026-07-10T16:07:18.823Z] Error: Failed to complete negotiation with the server: TypeError: Failed to fetch @ http://localhost:5157/lib/microsoft/signalr/dist/browser/signalr.min.js:0
[ 2436609ms] [ERROR] [2026-07-10T16:07:18.823Z] Error: Failed to start the connection: Error: Failed to complete negotiation with the server: TypeError: Failed to fetch @ http://localhost:5157/lib/microsoft/signalr/dist/browser/signalr.min.js:0
[ 2440977ms] [ERROR] Failed to load resource: net::ERR_CONNECTION_REFUSED @ http://localhost:5157/hubs/notifications/negotiate?negotiateVersion=1:0
[ 2440977ms] [WARNING] [2026-07-10T16:07:23.191Z] Warning: Error from HTTP request. TypeError: Failed to fetch. @ http://localhost:5157/lib/microsoft/signalr/dist/browser/signalr.min.js:0
[ 2440977ms] [ERROR] [2026-07-10T16:07:23.192Z] Error: Failed to complete negotiation with the server: TypeError: Failed to fetch @ http://localhost:5157/lib/microsoft/signalr/dist/browser/signalr.min.js:0
[ 2440977ms] [ERROR] [2026-07-10T16:07:23.192Z] Error: Failed to start the connection: Error: Failed to complete negotiation with the server: TypeError: Failed to fetch @ http://localhost:5157/lib/microsoft/signalr/dist/browser/signalr.min.js:0
[ 2453339ms] [ERROR] Failed to load resource: net::ERR_CONNECTION_REFUSED @ http://localhost:5157/hubs/notifications/negotiate?negotiateVersion=1:0
[ 2453339ms] [WARNING] [2026-07-10T16:07:35.554Z] Warning: Error from HTTP request. TypeError: Failed to fetch. @ http://localhost:5157/lib/microsoft/signalr/dist/browser/signalr.min.js:0
[ 2453340ms] [ERROR] [2026-07-10T16:07:35.554Z] Error: Failed to complete negotiation with the server: TypeError: Failed to fetch @ http://localhost:5157/lib/microsoft/signalr/dist/browser/signalr.min.js:0
[ 2453340ms] [ERROR] [2026-07-10T16:07:35.554Z] Error: Failed to start the connection: Error: Failed to complete negotiation with the server: TypeError: Failed to fetch @ http://localhost:5157/lib/microsoft/signalr/dist/browser/signalr.min.js:0
[ 2483365ms] [INFO] [2026-07-10T16:08:05.579Z] Information: WebSocket connected to ws://localhost:5157/hubs/notifications?id=WYj158iDr545kAujsd_Q3A. @ http://localhost:5157/lib/microsoft/signalr/dist/browser/signalr.min.js:0
[ 2604451ms] [ERROR] [2026-07-10T16:10:06.666Z] Error: Connection disconnected with error 'Error: WebSocket closed with status code: 1006 (no reason given).'. @ http://localhost:5157/lib/microsoft/signalr/dist/browser/signalr.min.js:0
[ 2606791ms] [ERROR] Failed to load resource: net::ERR_CONNECTION_REFUSED @ http://localhost:5157/hubs/notifications/negotiate?negotiateVersion=1:0
[ 2606791ms] [WARNING] [2026-07-10T16:10:09.005Z] Warning: Error from HTTP request. TypeError: Failed to fetch. @ http://localhost:5157/lib/microsoft/signalr/dist/browser/signalr.min.js:0
[ 2606791ms] [ERROR] [2026-07-10T16:10:09.006Z] Error: Failed to complete negotiation with the server: TypeError: Failed to fetch @ http://localhost:5157/lib/microsoft/signalr/dist/browser/signalr.min.js:0
[ 2606791ms] [ERROR] [2026-07-10T16:10:09.006Z] Error: Failed to start the connection: Error: Failed to complete negotiation with the server: TypeError: Failed to fetch @ http://localhost:5157/lib/microsoft/signalr/dist/browser/signalr.min.js:0
[ 2611159ms] [ERROR] Failed to load resource: net::ERR_CONNECTION_REFUSED @ http://localhost:5157/hubs/notifications/negotiate?negotiateVersion=1:0
[ 2611159ms] [WARNING] [2026-07-10T16:10:13.373Z] Warning: Error from HTTP request. TypeError: Failed to fetch. @ http://localhost:5157/lib/microsoft/signalr/dist/browser/signalr.min.js:0
[ 2611159ms] [ERROR] [2026-07-10T16:10:13.374Z] Error: Failed to complete negotiation with the server: TypeError: Failed to fetch @ http://localhost:5157/lib/microsoft/signalr/dist/browser/signalr.min.js:0
[ 2611159ms] [ERROR] [2026-07-10T16:10:13.374Z] Error: Failed to start the connection: Error: Failed to complete negotiation with the server: TypeError: Failed to fetch @ http://localhost:5157/lib/microsoft/signalr/dist/browser/signalr.min.js:0
[ 2623515ms] [ERROR] Failed to load resource: net::ERR_CONNECTION_REFUSED @ http://localhost:5157/hubs/notifications/negotiate?negotiateVersion=1:0
[ 2623515ms] [WARNING] [2026-07-10T16:10:25.729Z] Warning: Error from HTTP request. TypeError: Failed to fetch. @ http://localhost:5157/lib/microsoft/signalr/dist/browser/signalr.min.js:0
[ 2623515ms] [ERROR] [2026-07-10T16:10:25.729Z] Error: Failed to complete negotiation with the server: TypeError: Failed to fetch @ http://localhost:5157/lib/microsoft/signalr/dist/browser/signalr.min.js:0
[ 2623515ms] [ERROR] [2026-07-10T16:10:25.730Z] Error: Failed to start the connection: Error: Failed to complete negotiation with the server: TypeError: Failed to fetch @ http://localhost:5157/lib/microsoft/signalr/dist/browser/signalr.min.js:0
[ 2653531ms] [INFO] [2026-07-10T16:10:55.745Z] Information: WebSocket connected to ws://localhost:5157/hubs/notifications?id=i_SGA_DsuAZ9m32olkf24g. @ http://localhost:5157/lib/microsoft/signalr/dist/browser/signalr.min.js:0
[ 3049989ms] [ERROR] [2026-07-10T16:17:32.204Z] Error: Connection disconnected with error 'Error: WebSocket closed with status code: 1006 (no reason given).'. @ http://localhost:5157/lib/microsoft/signalr/dist/browser/signalr.min.js:0
