[     104ms] [ERROR] Failed to load resource: the server responded with a status of 404 (Not Found) @ http://localhost:5157/RagChatbotSystem.Presentation.styles.css:0
[     220ms] [LOG] RagChatbotSystem MVC Workspace loaded successfully. @ http://localhost:5157/js/site.js?v=qrvyWFNaXmQt-9YaJ0-_p2aUhCCtqdkeDKsc3DONVZI:2
[   36088ms] [ERROR] Failed to load resource: the server responded with a status of 404 (Not Found) @ http://localhost:5157/RagChatbotSystem.Presentation.styles.css:0
[   36117ms] [INFO] [2026-07-11T00:23:30.918Z] Information: Normalizing '/hubs/notifications' to 'http://localhost:5157/hubs/notifications'. @ http://localhost:5157/lib/microsoft/signalr/dist/browser/signalr.min.js:0
[   36267ms] [LOG] RagChatbotSystem MVC Workspace loaded successfully. @ http://localhost:5157/js/site.js?v=qrvyWFNaXmQt-9YaJ0-_p2aUhCCtqdkeDKsc3DONVZI:2
[   36323ms] [INFO] [2026-07-11T00:23:31.125Z] Information: WebSocket connected to ws://localhost:5157/hubs/notifications?id=uir0X9-Z7bTULeuem-S-Ag. @ http://localhost:5157/lib/microsoft/signalr/dist/browser/signalr.min.js:0
[   57630ms] [ERROR] Failed to load resource: the server responded with a status of 404 (Not Found) @ http://localhost:5157/RagChatbotSystem.Presentation.styles.css:0
[   57859ms] [INFO] [2026-07-11T00:23:52.662Z] Information: Normalizing '/hubs/notifications' to 'http://localhost:5157/hubs/notifications'. @ http://localhost:5157/lib/microsoft/signalr/dist/browser/signalr.min.js:0
[   57863ms] [LOG] RagChatbotSystem MVC Workspace loaded successfully. @ http://localhost:5157/js/site.js?v=qrvyWFNaXmQt-9YaJ0-_p2aUhCCtqdkeDKsc3DONVZI:2
[   57931ms] [INFO] [2026-07-11T00:23:52.734Z] Information: WebSocket connected to ws://localhost:5157/hubs/notifications?id=pXHpw8cmpJSfOIPsRBAitw. @ http://localhost:5157/lib/microsoft/signalr/dist/browser/signalr.min.js:0
[   83490ms] [ERROR] Failed to load resource: the server responded with a status of 404 (Not Found) @ http://localhost:5157/RagChatbotSystem.Presentation.styles.css:0
[   83646ms] [INFO] [2026-07-11T00:24:18.449Z] Information: Normalizing '/hubs/notifications' to 'http://localhost:5157/hubs/notifications'. @ http://localhost:5157/lib/microsoft/signalr/dist/browser/signalr.min.js:0
[   83650ms] [LOG] RagChatbotSystem MVC Workspace loaded successfully. @ http://localhost:5157/js/site.js?v=qrvyWFNaXmQt-9YaJ0-_p2aUhCCtqdkeDKsc3DONVZI:2
[   83707ms] [INFO] [2026-07-11T00:24:18.509Z] Information: WebSocket connected to ws://localhost:5157/hubs/notifications?id=AGqhwIcV8ldJ9MxuhNZKOg. @ http://localhost:5157/lib/microsoft/signalr/dist/browser/signalr.min.js:0
[  132592ms] [ERROR] Failed to load resource: the server responded with a status of 404 (Not Found) @ http://localhost:5157/RagChatbotSystem.Presentation.styles.css:0
[  132801ms] [INFO] [2026-07-11T00:25:07.604Z] Information: Normalizing '/hubs/notifications' to 'http://localhost:5157/hubs/notifications'. @ http://localhost:5157/lib/microsoft/signalr/dist/browser/signalr.min.js:0
[  132805ms] [LOG] RagChatbotSystem MVC Workspace loaded successfully. @ http://localhost:5157/js/site.js?v=qrvyWFNaXmQt-9YaJ0-_p2aUhCCtqdkeDKsc3DONVZI:2
[  132914ms] [INFO] [2026-07-11T00:25:07.717Z] Information: WebSocket connected to ws://localhost:5157/hubs/notifications?id=QIkBAKZ8wRwsZow9O-BaHQ. @ http://localhost:5157/lib/microsoft/signalr/dist/browser/signalr.min.js:0
[  151856ms] [ERROR] Failed to load resource: the server responded with a status of 404 (Not Found) @ http://localhost:5157/RagChatbotSystem.Presentation.styles.css:0
[  152012ms] [INFO] [2026-07-11T00:25:26.815Z] Information: Normalizing '/hubs/notifications' to 'http://localhost:5157/hubs/notifications'. @ http://localhost:5157/lib/microsoft/signalr/dist/browser/signalr.min.js:0
[  152015ms] [LOG] RagChatbotSystem MVC Workspace loaded successfully. @ http://localhost:5157/js/site.js?v=qrvyWFNaXmQt-9YaJ0-_p2aUhCCtqdkeDKsc3DONVZI:2
[  152345ms] [INFO] [2026-07-11T00:25:27.148Z] Information: WebSocket connected to ws://localhost:5157/hubs/notifications?id=v__xXzQVW5POkMhVyPpEsA. @ http://localhost:5157/lib/microsoft/signalr/dist/browser/signalr.min.js:0
[  187136ms] [ERROR] Failed to load resource: the server responded with a status of 404 (Not Found) @ http://localhost:5157/RagChatbotSystem.Presentation.styles.css:0
[  187249ms] [INFO] [2026-07-11T00:26:02.051Z] Information: Normalizing '/hubs/notifications' to 'http://localhost:5157/hubs/notifications'. @ http://localhost:5157/lib/microsoft/signalr/dist/browser/signalr.min.js:0
[  187251ms] [LOG] RagChatbotSystem MVC Workspace loaded successfully. @ http://localhost:5157/js/site.js?v=qrvyWFNaXmQt-9YaJ0-_p2aUhCCtqdkeDKsc3DONVZI:2
[  187324ms] [INFO] [2026-07-11T00:26:02.126Z] Information: WebSocket connected to ws://localhost:5157/hubs/notifications?id=kMYCrCVJtE4qpuxFzVFXbA. @ http://localhost:5157/lib/microsoft/signalr/dist/browser/signalr.min.js:0
[  306569ms] [ERROR] Failed to load resource: the server responded with a status of 404 (Not Found) @ http://localhost:5157/RagChatbotSystem.Presentation.styles.css:0
[  306697ms] [INFO] [2026-07-11T00:28:01.500Z] Information: Normalizing '/hubs/notifications' to 'http://localhost:5157/hubs/notifications'. @ http://localhost:5157/lib/microsoft/signalr/dist/browser/signalr.min.js:0
[  306700ms] [LOG] RagChatbotSystem MVC Workspace loaded successfully. @ http://localhost:5157/js/site.js?v=qrvyWFNaXmQt-9YaJ0-_p2aUhCCtqdkeDKsc3DONVZI:2
[  306893ms] [INFO] [2026-07-11T00:28:01.695Z] Information: WebSocket connected to ws://localhost:5157/hubs/notifications?id=b6QiiiukQavC5CN77MNj1w. @ http://localhost:5157/lib/microsoft/signalr/dist/browser/signalr.min.js:0
[  326195ms] [ERROR] Failed to load resource: the server responded with a status of 404 (Not Found) @ http://localhost:5157/RagChatbotSystem.Presentation.styles.css:0
[  326217ms] [INFO] [2026-07-11T00:28:21.019Z] Information: Normalizing '/hubs/notifications' to 'http://localhost:5157/hubs/notifications'. @ http://localhost:5157/lib/microsoft/signalr/dist/browser/signalr.min.js:0
[  326219ms] [LOG] RagChatbotSystem MVC Workspace loaded successfully. @ http://localhost:5157/js/site.js?v=qrvyWFNaXmQt-9YaJ0-_p2aUhCCtqdkeDKsc3DONVZI:2
[  326342ms] [INFO] [2026-07-11T00:28:21.145Z] Information: WebSocket connected to ws://localhost:5157/hubs/notifications?id=gx77K7mk7Ihrrab1nQqKRQ. @ http://localhost:5157/lib/microsoft/signalr/dist/browser/signalr.min.js:0
[  335098ms] [ERROR] Failed to load resource: the server responded with a status of 404 (Not Found) @ http://localhost:5157/RagChatbotSystem.Presentation.styles.css:0
[  335112ms] [INFO] [2026-07-11T00:28:29.915Z] Information: Normalizing '/hubs/notifications' to 'http://localhost:5157/hubs/notifications'. @ http://localhost:5157/lib/microsoft/signalr/dist/browser/signalr.min.js:0
[  335114ms] [LOG] RagChatbotSystem MVC Workspace loaded successfully. @ http://localhost:5157/js/site.js?v=qrvyWFNaXmQt-9YaJ0-_p2aUhCCtqdkeDKsc3DONVZI:2
[  335244ms] [INFO] [2026-07-11T00:28:30.047Z] Information: WebSocket connected to ws://localhost:5157/hubs/notifications?id=ZruZkSTWXeHZrD9tQHkvBw. @ http://localhost:5157/lib/microsoft/signalr/dist/browser/signalr.min.js:0
[ 1130386ms] [ERROR] [2026-07-11T00:41:45.188Z] Error: Connection disconnected with error 'Error: WebSocket closed with status code: 1006 (no reason given).'. @ http://localhost:5157/lib/microsoft/signalr/dist/browser/signalr.min.js:0
[ 1132733ms] [ERROR] Failed to load resource: net::ERR_CONNECTION_REFUSED @ http://localhost:5157/hubs/notifications/negotiate?negotiateVersion=1:0
[ 1132733ms] [WARNING] [2026-07-11T00:41:47.536Z] Warning: Error from HTTP request. TypeError: Failed to fetch. @ http://localhost:5157/lib/microsoft/signalr/dist/browser/signalr.min.js:0
[ 1132733ms] [ERROR] [2026-07-11T00:41:47.536Z] Error: Failed to complete negotiation with the server: TypeError: Failed to fetch @ http://localhost:5157/lib/microsoft/signalr/dist/browser/signalr.min.js:0
[ 1132734ms] [ERROR] [2026-07-11T00:41:47.536Z] Error: Failed to start the connection: Error: Failed to complete negotiation with the server: TypeError: Failed to fetch @ http://localhost:5157/lib/microsoft/signalr/dist/browser/signalr.min.js:0
[ 1137089ms] [ERROR] Failed to load resource: net::ERR_CONNECTION_REFUSED @ http://localhost:5157/hubs/notifications/negotiate?negotiateVersion=1:0
[ 1137089ms] [WARNING] [2026-07-11T00:41:51.891Z] Warning: Error from HTTP request. TypeError: Failed to fetch. @ http://localhost:5157/lib/microsoft/signalr/dist/browser/signalr.min.js:0
[ 1137089ms] [ERROR] [2026-07-11T00:41:51.892Z] Error: Failed to complete negotiation with the server: TypeError: Failed to fetch @ http://localhost:5157/lib/microsoft/signalr/dist/browser/signalr.min.js:0
[ 1137090ms] [ERROR] [2026-07-11T00:41:51.892Z] Error: Failed to start the connection: Error: Failed to complete negotiation with the server: TypeError: Failed to fetch @ http://localhost:5157/lib/microsoft/signalr/dist/browser/signalr.min.js:0
[ 1149454ms] [ERROR] Failed to load resource: net::ERR_CONNECTION_REFUSED @ http://localhost:5157/hubs/notifications/negotiate?negotiateVersion=1:0
[ 1149455ms] [WARNING] [2026-07-11T00:42:04.257Z] Warning: Error from HTTP request. TypeError: Failed to fetch. @ http://localhost:5157/lib/microsoft/signalr/dist/browser/signalr.min.js:0
[ 1149455ms] [ERROR] [2026-07-11T00:42:04.258Z] Error: Failed to complete negotiation with the server: TypeError: Failed to fetch @ http://localhost:5157/lib/microsoft/signalr/dist/browser/signalr.min.js:0
[ 1149457ms] [ERROR] [2026-07-11T00:42:04.259Z] Error: Failed to start the connection: Error: Failed to complete negotiation with the server: TypeError: Failed to fetch @ http://localhost:5157/lib/microsoft/signalr/dist/browser/signalr.min.js:0
[ 1181820ms] [ERROR] Failed to load resource: net::ERR_CONNECTION_REFUSED @ http://localhost:5157/hubs/notifications/negotiate?negotiateVersion=1:0
[ 1181824ms] [WARNING] [2026-07-11T00:42:36.626Z] Warning: Error from HTTP request. TypeError: Failed to fetch. @ http://localhost:5157/lib/microsoft/signalr/dist/browser/signalr.min.js:0
[ 1181826ms] [ERROR] [2026-07-11T00:42:36.628Z] Error: Failed to complete negotiation with the server: TypeError: Failed to fetch @ http://localhost:5157/lib/microsoft/signalr/dist/browser/signalr.min.js:0
[ 1181826ms] [ERROR] [2026-07-11T00:42:36.629Z] Error: Failed to start the connection: Error: Failed to complete negotiation with the server: TypeError: Failed to fetch @ http://localhost:5157/lib/microsoft/signalr/dist/browser/signalr.min.js:0
